<?xml version="1.0" encoding="UTF-8"?>
<!-- Generated by org.testng.reporters.JUnitXMLReporter -->
<testsuite hostname="Aleksandras-MacBook-Pro.local" name="Test1" tests="3" failures="0" timestamp="4 Nov 2015 15:52:55 GMT" time="11.034" errors="0">
  <testcase name="addIncorrectDescription" time="1.2" classname="ru.st.selenium.SmokeTest"/>
  <testcase name="addCorrectDescription" time="1.67" classname="ru.st.selenium.SmokeTest"/>
  <testcase name="removeDescription" time="1.776" classname="ru.st.selenium.SmokeTest"/>
</testsuite> <!-- Test1 -->
