<?xml version="1.0" encoding="UTF-8"?>
<!-- Generated by org.testng.reporters.JUnitXMLReporter -->
<testsuite hostname="Aleksandras-MacBook-Pro.local" name="Test1" tests="5" failures="0" timestamp="4 Nov 2015 20:35:45 GMT" time="10.592" errors="0">
  <testcase name="@BeforeClass init" time="0.0" classname="ru.st.selenium.SmokeTest">
    <failure type="org.openqa.selenium.remote.UnreachableBrowserException" message="Failed to connect to SafariDriver after 10144 ms
Build info: version: &amp;apos;2.46.0&amp;apos;, revision: &amp;apos;61506a4624b13675f24581e453592342b7485d71&amp;apos;, time: &amp;apos;2015-06-04 10:22:50&amp;apos;
System info: host: &amp;apos;Aleksandras-MacBook-Pro.local&amp;apos;, ip: &amp;apos;192.168.1.66&amp;apos;, os.name: &amp;apos;Mac OS X&amp;apos;, os.arch: &amp;apos;x86_64&amp;apos;, os.version: &amp;apos;10.10.2&amp;apos;, java.version: &amp;apos;1.8.0_31&amp;apos;
Driver info: driver.version: SafariDriver">
      <![CDATA[org.openqa.selenium.remote.UnreachableBrowserException: Failed to connect to SafariDriver after 10144 ms
Build info: version: '2.46.0', revision: '61506a4624b13675f24581e453592342b7485d71', time: '2015-06-04 10:22:50'
System info: host: 'Aleksandras-MacBook-Pro.local', ip: '192.168.1.66', os.name: 'Mac OS X', os.arch: 'x86_64', os.version: '10.10.2', java.version: '1.8.0_31'
Driver info: driver.version: SafariDriver
	at org.openqa.selenium.safari.SafariDriverCommandExecutor.start(SafariDriverCommandExecutor.java:121)
	at org.openqa.selenium.safari.SafariDriver.startClient(SafariDriver.java:72)
	at org.openqa.selenium.remote.RemoteWebDriver.<init>(RemoteWebDriver.java:116)
	at org.openqa.selenium.remote.RemoteWebDriver.<init>(RemoteWebDriver.java:141)
	at org.openqa.selenium.safari.SafariDriver.<init>(SafariDriver.java:58)
	at org.openqa.selenium.safari.SafariDriver.<init>(SafariDriver.java:51)
	at ru.stqa.selenium.factory.WebDriverFactoryInternal.createLocalDriver(WebDriverFactoryInternal.java:82)
	at ru.stqa.selenium.factory.WebDriverFactoryInternal.newDriver(WebDriverFactoryInternal.java:58)
	at ru.stqa.selenium.factory.ThreadLocalSingletonStorage.createNewDriver(ThreadLocalSingletonStorage.java:91)
	at ru.stqa.selenium.factory.ThreadLocalSingletonStorage.getDriver(ThreadLocalSingletonStorage.java:36)
	at ru.stqa.selenium.factory.WebDriverFactoryInternal.getDriver(WebDriverFactoryInternal.java:49)
	at ru.stqa.selenium.factory.WebDriverFactory.getDriver(WebDriverFactory.java:39)
	at ru.st.selenium.TestBase.init(TestBase.java:42)
... Removed 27 stack frames]]>
    </failure>
  </testcase> <!-- @BeforeClass init -->
  <testcase name="@BeforeClass openHomePage" time="0.0" classname="ru.st.selenium.SmokeTest">
    <skipped/>
  </testcase> <!-- @BeforeClass openHomePage -->
  <testcase name="addIncorrectDescription" time="0.001" classname="ru.st.selenium.SmokeTest">
    <skipped/>
  </testcase> <!-- addIncorrectDescription -->
  <testcase name="addCorrectDescription" time="0.0" classname="ru.st.selenium.SmokeTest">
    <skipped/>
  </testcase> <!-- addCorrectDescription -->
  <testcase name="removeDescription" time="0.0" classname="ru.st.selenium.SmokeTest">
    <skipped/>
  </testcase> <!-- removeDescription -->
  <testcase name="successfulSearch" time="0.0" classname="ru.st.selenium.SmokeTest">
    <skipped/>
  </testcase> <!-- successfulSearch -->
  <testcase name="noResultsSearch" time="0.0" classname="ru.st.selenium.SmokeTest">
    <skipped/>
  </testcase> <!-- noResultsSearch -->
</testsuite> <!-- Test1 -->
