<?xml version="1.0" encoding="UTF-8"?>
<testng-results skipped="0" failed="1" total="5" passed="4">
  <reporter-output>
  </reporter-output>
  <suite name="Tests" duration-ms="9616" started-at="2015-11-05T20:40:00Z" finished-at="2015-11-05T20:40:09Z">
    <groups>
    </groups>
    <test name="Test1" duration-ms="9616" started-at="2015-11-05T20:40:00Z" finished-at="2015-11-05T20:40:09Z">
      <class name="ru.st.selenium.SmokeTest">
        <test-method status="PASS" signature="init()[pri:0, instance:ru.st.selenium.SmokeTest@6fadae5d]" name="init" is-config="true" duration-ms="2928" started-at="2015-11-05T23:40:00Z" finished-at="2015-11-05T23:40:03Z">
          <reporter-output>
          </reporter-output>
        </test-method> <!-- init -->
        <test-method status="PASS" signature="openHomePage()[pri:0, instance:ru.st.selenium.SmokeTest@6fadae5d]" name="openHomePage" is-config="true" duration-ms="1692" started-at="2015-11-05T23:40:03Z" finished-at="2015-11-05T23:40:04Z">
          <reporter-output>
          </reporter-output>
        </test-method> <!-- openHomePage -->
        <test-method status="PASS" signature="addIncorrectDescription()[pri:0, instance:ru.st.selenium.SmokeTest@6fadae5d]" name="addIncorrectDescription" duration-ms="964" started-at="2015-11-05T23:40:04Z" finished-at="2015-11-05T23:40:05Z">
          <reporter-output>
          </reporter-output>
        </test-method> <!-- addIncorrectDescription -->
        <test-method status="PASS" signature="addCorrectDescription()[pri:0, instance:ru.st.selenium.SmokeTest@6fadae5d]" name="addCorrectDescription" duration-ms="1149" started-at="2015-11-05T23:40:05Z" finished-at="2015-11-05T23:40:06Z">
          <reporter-output>
          </reporter-output>
        </test-method> <!-- addCorrectDescription -->
        <test-method status="PASS" signature="removeDescription()[pri:0, instance:ru.st.selenium.SmokeTest@6fadae5d]" name="removeDescription" duration-ms="993" started-at="2015-11-05T23:40:06Z" finished-at="2015-11-05T23:40:07Z">
          <reporter-output>
          </reporter-output>
        </test-method> <!-- removeDescription -->
        <test-method status="FAIL" signature="successfulSearch()[pri:0, instance:ru.st.selenium.SmokeTest@6fadae5d]" name="successfulSearch" duration-ms="1389" started-at="2015-11-05T23:40:07Z" finished-at="2015-11-05T23:40:09Z">
          <exception class="org.openqa.selenium.StaleElementReferenceException">
            <message>
              <![CDATA[stale element reference: element is not attached to the page document
  (Session info: chrome=46.0.2490.80)
  (Driver info: chromedriver=2.20.353124 (035346203162d32c80f1dce587c8154a1efa0c3b),platform=Mac OS X 10.10.2 x86_64) (WARNING: The server did not provide any stacktrace information)
Command duration or timeout: 15 milliseconds
For documentation on this error, please visit: http://seleniumhq.org/exceptions/stale_element_reference.html
Build info: version: '2.46.0', revision: '61506a4624b13675f24581e453592342b7485d71', time: '2015-06-04 10:22:50'
System info: host: 'Aleksandras-MacBook-Pro.local', ip: '192.168.1.66', os.name: 'Mac OS X', os.arch: 'x86_64', os.version: '10.10.2', java.version: '1.8.0_31'
Driver info: org.openqa.selenium.chrome.ChromeDriver
Capabilities [{applicationCacheEnabled=false, rotatable=false, mobileEmulationEnabled=false, chrome={userDataDir=/var/folders/8r/_60z77y17938jbll61bs90ym0000gq/T/.org.chromium.Chromium.VAk5JR}, takesHeapSnapshot=true, databaseEnabled=false, handlesAlerts=true, hasTouchScreen=false, version=46.0.2490.80, platform=MAC, browserConnectionEnabled=false, nativeEvents=true, acceptSslCerts=true, locationContextEnabled=true, webStorageEnabled=true, browserName=chrome, takesScreenshot=true, javascriptEnabled=true, cssSelectorsEnabled=true}]
Session ID: 009b00254be46ab69e601ddec9eee3a0]]>
            </message>
            <full-stacktrace>
              <![CDATA[org.openqa.selenium.StaleElementReferenceException: stale element reference: element is not attached to the page document
  (Session info: chrome=46.0.2490.80)
  (Driver info: chromedriver=2.20.353124 (035346203162d32c80f1dce587c8154a1efa0c3b),platform=Mac OS X 10.10.2 x86_64) (WARNING: The server did not provide any stacktrace information)
Command duration or timeout: 15 milliseconds
For documentation on this error, please visit: http://seleniumhq.org/exceptions/stale_element_reference.html
Build info: version: '2.46.0', revision: '61506a4624b13675f24581e453592342b7485d71', time: '2015-06-04 10:22:50'
System info: host: 'Aleksandras-MacBook-Pro.local', ip: '192.168.1.66', os.name: 'Mac OS X', os.arch: 'x86_64', os.version: '10.10.2', java.version: '1.8.0_31'
Driver info: org.openqa.selenium.chrome.ChromeDriver
Capabilities [{applicationCacheEnabled=false, rotatable=false, mobileEmulationEnabled=false, chrome={userDataDir=/var/folders/8r/_60z77y17938jbll61bs90ym0000gq/T/.org.chromium.Chromium.VAk5JR}, takesHeapSnapshot=true, databaseEnabled=false, handlesAlerts=true, hasTouchScreen=false, version=46.0.2490.80, platform=MAC, browserConnectionEnabled=false, nativeEvents=true, acceptSslCerts=true, locationContextEnabled=true, webStorageEnabled=true, browserName=chrome, takesScreenshot=true, javascriptEnabled=true, cssSelectorsEnabled=true}]
Session ID: 009b00254be46ab69e601ddec9eee3a0
	at sun.reflect.NativeConstructorAccessorImpl.newInstance0(Native Method)
	at sun.reflect.NativeConstructorAccessorImpl.newInstance(NativeConstructorAccessorImpl.java:62)
	at sun.reflect.DelegatingConstructorAccessorImpl.newInstance(DelegatingConstructorAccessorImpl.java:45)
	at java.lang.reflect.Constructor.newInstance(Constructor.java:408)
	at org.openqa.selenium.remote.ErrorHandler.createThrowable(ErrorHandler.java:204)
	at org.openqa.selenium.remote.ErrorHandler.throwIfResponseFailed(ErrorHandler.java:156)
	at org.openqa.selenium.remote.RemoteWebDriver.execute(RemoteWebDriver.java:605)
	at org.openqa.selenium.remote.RemoteWebElement.execute(RemoteWebElement.java:269)
	at org.openqa.selenium.remote.RemoteWebElement.getText(RemoteWebElement.java:153)
	at ru.st.selenium.SmokeTest.successfulSearch(SmokeTest.java:78)
	at sun.reflect.NativeMethodAccessorImpl.invoke0(Native Method)
	at sun.reflect.NativeMethodAccessorImpl.invoke(NativeMethodAccessorImpl.java:62)
	at sun.reflect.DelegatingMethodAccessorImpl.invoke(DelegatingMethodAccessorImpl.java:43)
	at java.lang.reflect.Method.invoke(Method.java:483)
	at org.testng.internal.MethodInvocationHelper.invokeMethod(MethodInvocationHelper.java:85)
	at org.testng.internal.Invoker.invokeMethod(Invoker.java:659)
	at org.testng.internal.Invoker.invokeTestMethod(Invoker.java:845)
	at org.testng.internal.Invoker.invokeTestMethods(Invoker.java:1153)
	at org.testng.internal.TestMethodWorker.invokeTestMethods(TestMethodWorker.java:125)
	at org.testng.internal.TestMethodWorker.run(TestMethodWorker.java:108)
	at org.testng.TestRunner.privateRun(TestRunner.java:771)
	at org.testng.TestRunner.run(TestRunner.java:621)
	at org.testng.SuiteRunner.runTest(SuiteRunner.java:357)
	at org.testng.SuiteRunner.runSequentially(SuiteRunner.java:352)
	at org.testng.SuiteRunner.privateRun(SuiteRunner.java:310)
	at org.testng.SuiteRunner.run(SuiteRunner.java:259)
	at org.testng.SuiteRunnerWorker.runSuite(SuiteRunnerWorker.java:52)
	at org.testng.SuiteRunnerWorker.run(SuiteRunnerWorker.java:86)
	at org.testng.TestNG.runSuitesSequentially(TestNG.java:1199)
	at org.testng.TestNG.runSuitesLocally(TestNG.java:1124)
	at org.testng.TestNG.run(TestNG.java:1032)
	at org.apache.maven.surefire.testng.TestNGExecutor.run(TestNGExecutor.java:217)
	at org.apache.maven.surefire.testng.TestNGXmlTestSuite.execute(TestNGXmlTestSuite.java:84)
	at org.apache.maven.surefire.testng.TestNGProvider.invoke(TestNGProvider.java:92)
	at org.apache.maven.surefire.booter.ForkedBooter.invokeProviderInSameClassLoader(ForkedBooter.java:200)
	at org.apache.maven.surefire.booter.ForkedBooter.runSuitesInProcess(ForkedBooter.java:153)
	at org.apache.maven.surefire.booter.ForkedBooter.main(ForkedBooter.java:103)
]]>
            </full-stacktrace>
          </exception> <!-- org.openqa.selenium.StaleElementReferenceException -->
          <reporter-output>
          </reporter-output>
        </test-method> <!-- successfulSearch -->
        <test-method status="PASS" signature="noResultsSearch()[pri:0, instance:ru.st.selenium.SmokeTest@6fadae5d]" name="noResultsSearch" duration-ms="469" started-at="2015-11-05T23:40:09Z" finished-at="2015-11-05T23:40:09Z">
          <reporter-output>
          </reporter-output>
        </test-method> <!-- noResultsSearch -->
        <test-method status="PASS" signature="tearDown()[pri:0, instance:ru.st.selenium.SmokeTest@6fadae5d]" name="tearDown" is-config="true" duration-ms="686" started-at="2015-11-05T23:40:09Z" finished-at="2015-11-05T23:40:10Z">
          <reporter-output>
          </reporter-output>
        </test-method> <!-- tearDown -->
      </class> <!-- ru.st.selenium.SmokeTest -->
    </test> <!-- Test1 -->
  </suite> <!-- Tests -->
</testng-results>
