<?xml version="1.0" encoding="UTF-8"?>
<testsuite name="TestSuite" time="11.003" tests="7" errors="0" skipped="6" failures="1">
  <properties>
[...]
</properties>
  <testcase name="init" classname="ru.st.selenium.SmokeTest" time="11.003">
    <failure message="Failed to connect to SafariDriver after 10144 ms&#10;Build info: version: &apos;2.46.0&apos;, revision: &apos;61506a4624b13675f24581e453592342b7485d71&apos;, time: &apos;2015-06-04 10:22:50&apos;&#10;System info: host: &apos;Aleksandras-MacBook-Pro.local&apos;, ip: &apos;192.168.1.66&apos;, os.name: &apos;Mac OS X&apos;, os.arch: &apos;x86_64&apos;, os.version: &apos;10.10.2&apos;, java.version: &apos;1.8.0_31&apos;&#10;Driver info: driver.version: SafariDriver" type="org.openqa.selenium.remote.UnreachableBrowserException"><![CDATA[org.openqa.selenium.remote.UnreachableBrowserException: Failed to connect to SafariDriver after 10144 ms
Build info: version: '2.46.0', revision: '61506a4624b13675f24581e453592342b7485d71', time: '2015-06-04 10:22:50'
System info: host: 'Aleksandras-MacBook-Pro.local', ip: '192.168.1.66', os.name: 'Mac OS X', os.arch: 'x86_64', os.version: '10.10.2', java.version: '1.8.0_31'
Driver info: driver.version: SafariDriver
	at org.openqa.selenium.safari.SafariDriverCommandExecutor.start(SafariDriverCommandExecutor.java:121)
	at org.openqa.selenium.safari.SafariDriver.startClient(SafariDriver.java:72)
	at org.openqa.selenium.remote.RemoteWebDriver.<init>(RemoteWebDriver.java:116)
	at org.openqa.selenium.remote.RemoteWebDriver.<init>(RemoteWebDriver.java:141)
	at org.openqa.selenium.safari.SafariDriver.<init>(SafariDriver.java:58)
	at org.openqa.selenium.safari.SafariDriver.<init>(SafariDriver.java:51)
	at ru.stqa.selenium.factory.WebDriverFactoryInternal.createLocalDriver(WebDriverFactoryInternal.java:82)
	at ru.stqa.selenium.factory.WebDriverFactoryInternal.newDriver(WebDriverFactoryInternal.java:58)
	at ru.stqa.selenium.factory.ThreadLocalSingletonStorage.createNewDriver(ThreadLocalSingletonStorage.java:91)
	at ru.stqa.selenium.factory.ThreadLocalSingletonStorage.getDriver(ThreadLocalSingletonStorage.java:36)
	at ru.stqa.selenium.factory.WebDriverFactoryInternal.getDriver(WebDriverFactoryInternal.java:49)
	at ru.stqa.selenium.factory.WebDriverFactory.getDriver(WebDriverFactory.java:39)
	at ru.st.selenium.TestBase.init(TestBase.java:42)
	at sun.reflect.NativeMethodAccessorImpl.invoke0(Native Method)
	at sun.reflect.NativeMethodAccessorImpl.invoke(NativeMethodAccessorImpl.java:62)
	at sun.reflect.DelegatingMethodAccessorImpl.invoke(DelegatingMethodAccessorImpl.java:43)
	at java.lang.reflect.Method.invoke(Method.java:483)
	at org.testng.internal.MethodInvocationHelper.invokeMethod(MethodInvocationHelper.java:85)
	at org.testng.internal.Invoker.invokeConfigurationMethod(Invoker.java:517)
	at org.testng.internal.Invoker.invokeConfigurations(Invoker.java:213)
	at org.testng.internal.Invoker.invokeConfigurations(Invoker.java:140)
	at org.testng.internal.TestMethodWorker.invokeBeforeClassMethods(TestMethodWorker.java:170)
	at org.testng.internal.TestMethodWorker.run(TestMethodWorker.java:104)
	at org.testng.TestRunner.privateRun(TestRunner.java:771)
	at org.testng.TestRunner.run(TestRunner.java:621)
	at org.testng.SuiteRunner.runTest(SuiteRunner.java:357)
	at org.testng.SuiteRunner.runSequentially(SuiteRunner.java:352)
	at org.testng.SuiteRunner.privateRun(SuiteRunner.java:310)
	at org.testng.SuiteRunner.run(SuiteRunner.java:259)
	at org.testng.SuiteRunnerWorker.runSuite(SuiteRunnerWorker.java:52)
	at org.testng.SuiteRunnerWorker.run(SuiteRunnerWorker.java:86)
	at org.testng.TestNG.runSuitesSequentially(TestNG.java:1199)
	at org.testng.TestNG.runSuitesLocally(TestNG.java:1124)
	at org.testng.TestNG.run(TestNG.java:1032)
	at org.apache.maven.surefire.testng.TestNGExecutor.run(TestNGExecutor.java:217)
	at org.apache.maven.surefire.testng.TestNGXmlTestSuite.execute(TestNGXmlTestSuite.java:84)
	at org.apache.maven.surefire.testng.TestNGProvider.invoke(TestNGProvider.java:92)
	at org.apache.maven.surefire.booter.ForkedBooter.invokeProviderInSameClassLoader(ForkedBooter.java:200)
	at org.apache.maven.surefire.booter.ForkedBooter.runSuitesInProcess(ForkedBooter.java:153)
	at org.apache.maven.surefire.booter.ForkedBooter.main(ForkedBooter.java:103)
]]></failure>
    <system-out><![CDATA[...
... TestNG 6.9.4 by Cédric Beust (cedric@beust.com)
...

]]></system-out>
    <system-err><![CDATA[Nov 04, 2015 11:35:35 PM org.openqa.selenium.safari.SafariDriverServer start
INFO: Server started on port 29283
Nov 04, 2015 11:35:35 PM org.openqa.selenium.safari.SafariDriverCommandExecutor start
INFO: Launching Safari
Nov 04, 2015 11:35:35 PM org.openqa.selenium.safari.SafariDriverCommandExecutor start
INFO: Waiting for SafariDriver to connect
Nov 04, 2015 11:35:45 PM org.openqa.selenium.safari.SafariDriverCommandExecutor stop
INFO: Shutting down
Nov 04, 2015 11:35:45 PM org.openqa.selenium.safari.SafariDriverCommandExecutor stop
INFO: Stopping Safari
Nov 04, 2015 11:35:45 PM org.openqa.selenium.safari.SafariDriverCommandExecutor stop
INFO: Stopping server
Nov 04, 2015 11:35:45 PM org.openqa.selenium.safari.SafariDriverServer stop
INFO: Stopping server
Nov 04, 2015 11:35:45 PM org.openqa.selenium.safari.SafariDriverCommandExecutor stop
INFO: Shutdown complete
Nov 04, 2015 11:35:45 PM org.openqa.selenium.safari.SafariDriverCommandExecutor stop
INFO: Shutting down
Nov 04, 2015 11:35:45 PM org.openqa.selenium.safari.SafariDriverCommandExecutor stop
INFO: Stopping server
Nov 04, 2015 11:35:45 PM org.openqa.selenium.safari.SafariDriverCommandExecutor stop
INFO: Shutdown complete
]]></system-err>
  </testcase>
  <testcase name="openHomePage" classname="ru.st.selenium.SmokeTest" time="0">
    <skipped/>
  </testcase>
  <testcase name="addIncorrectDescription" classname="ru.st.selenium.SmokeTest" time="0">
    <skipped/>
  </testcase>
  <testcase name="addCorrectDescription" classname="ru.st.selenium.SmokeTest" time="0">
    <skipped/>
  </testcase>
  <testcase name="removeDescription" classname="ru.st.selenium.SmokeTest" time="0">
    <skipped/>
  </testcase>
  <testcase name="successfulSearch" classname="ru.st.selenium.SmokeTest" time="0">
    <skipped/>
  </testcase>
  <testcase name="noResultsSearch" classname="ru.st.selenium.SmokeTest" time="0">
    <skipped/>
  </testcase>
</testsuite>