<?xml version="1.0" encoding="UTF-8"?>
<testng-results skipped="3" failed="0" total="3" passed="0">
  <reporter-output>
  </reporter-output>
  <suite name="Default suite" duration-ms="113" started-at="2015-11-04T15:38:19Z" finished-at="2015-11-04T15:38:19Z">
    <groups>
    </groups>
    <test name="Default test" duration-ms="113" started-at="2015-11-04T15:38:19Z" finished-at="2015-11-04T15:38:19Z">
      <class name="ru.st.selenium.SmokeTest">
        <test-method status="FAIL" signature="init()[pri:0, instance:ru.st.selenium.SmokeTest@1134affc]" name="init" is-config="true" duration-ms="0" started-at="2015-11-04T18:38:19Z" finished-at="2015-11-04T18:38:19Z">
          <exception class="java.lang.IllegalArgumentException">
            <message>
              <![CDATA[No enum constant org.openqa.selenium.Platform.${browser.platform}]]>
            </message>
            <full-stacktrace>
              <![CDATA[java.lang.IllegalArgumentException: No enum constant org.openqa.selenium.Platform.${browser.platform}
	at java.lang.Enum.valueOf(Enum.java:238)
	at org.openqa.selenium.Platform.valueOf(Platform.java:30)
	at ru.st.selenium.TestBase.init(TestBase.java:36)
	at sun.reflect.NativeMethodAccessorImpl.invoke0(Native Method)
	at sun.reflect.NativeMethodAccessorImpl.invoke(NativeMethodAccessorImpl.java:62)
	at sun.reflect.DelegatingMethodAccessorImpl.invoke(DelegatingMethodAccessorImpl.java:43)
	at java.lang.reflect.Method.invoke(Method.java:483)
	at org.testng.internal.MethodInvocationHelper.invokeMethod(MethodInvocationHelper.java:85)
	at org.testng.internal.Invoker.invokeConfigurationMethod(Invoker.java:517)
	at org.testng.internal.Invoker.invokeConfigurations(Invoker.java:213)
	at org.testng.internal.Invoker.invokeConfigurations(Invoker.java:140)
	at org.testng.internal.TestMethodWorker.invokeBeforeClassMethods(TestMethodWorker.java:170)
	at org.testng.internal.TestMethodWorker.run(TestMethodWorker.java:104)
	at org.testng.TestRunner.privateRun(TestRunner.java:771)
	at org.testng.TestRunner.run(TestRunner.java:621)
	at org.testng.SuiteRunner.runTest(SuiteRunner.java:357)
	at org.testng.SuiteRunner.runSequentially(SuiteRunner.java:352)
	at org.testng.SuiteRunner.privateRun(SuiteRunner.java:310)
	at org.testng.SuiteRunner.run(SuiteRunner.java:259)
	at org.testng.SuiteRunnerWorker.runSuite(SuiteRunnerWorker.java:52)
	at org.testng.SuiteRunnerWorker.run(SuiteRunnerWorker.java:86)
	at org.testng.TestNG.runSuitesSequentially(TestNG.java:1199)
	at org.testng.TestNG.runSuitesLocally(TestNG.java:1124)
	at org.testng.TestNG.run(TestNG.java:1032)
	at org.testng.remote.RemoteTestNG.run(RemoteTestNG.java:111)
	at org.testng.remote.RemoteTestNG.initAndRun(RemoteTestNG.java:204)
	at org.testng.remote.RemoteTestNG.main(RemoteTestNG.java:175)
]]>
            </full-stacktrace>
          </exception> <!-- java.lang.IllegalArgumentException -->
          <reporter-output>
          </reporter-output>
        </test-method> <!-- init -->
        <test-method status="SKIP" signature="openHomePage()[pri:0, instance:ru.st.selenium.SmokeTest@1134affc]" name="openHomePage" is-config="true" duration-ms="0" started-at="2015-11-04T18:38:19Z" finished-at="2015-11-04T18:38:19Z">
          <reporter-output>
          </reporter-output>
        </test-method> <!-- openHomePage -->
        <test-method status="SKIP" signature="addIncorrectDescription()[pri:0, instance:ru.st.selenium.SmokeTest@1134affc]" name="addIncorrectDescription" duration-ms="2" started-at="2015-11-04T18:38:19Z" finished-at="2015-11-04T18:38:19Z">
          <reporter-output>
          </reporter-output>
        </test-method> <!-- addIncorrectDescription -->
        <test-method status="SKIP" signature="addCorrectDescription()[pri:0, instance:ru.st.selenium.SmokeTest@1134affc]" name="addCorrectDescription" duration-ms="15" started-at="2015-11-04T18:38:19Z" finished-at="2015-11-04T18:38:19Z">
          <reporter-output>
          </reporter-output>
        </test-method> <!-- addCorrectDescription -->
        <test-method status="SKIP" signature="removeDescription()[pri:0, instance:ru.st.selenium.SmokeTest@1134affc]" name="removeDescription" duration-ms="1" started-at="2015-11-04T18:38:19Z" finished-at="2015-11-04T18:38:19Z">
          <reporter-output>
          </reporter-output>
        </test-method> <!-- removeDescription -->
        <test-method status="PASS" signature="tearDown()[pri:0, instance:ru.st.selenium.SmokeTest@1134affc]" name="tearDown" is-config="true" duration-ms="1" started-at="2015-11-04T18:38:19Z" finished-at="2015-11-04T18:38:19Z">
          <reporter-output>
          </reporter-output>
        </test-method> <!-- tearDown -->
      </class> <!-- ru.st.selenium.SmokeTest -->
    </test> <!-- Default test -->
  </suite> <!-- Default suite -->
</testng-results>
